d:\game1\helloword\proj.win32\debug.win32\gamemap.obj
d:\game1\helloword\proj.win32\debug.win32\car.obj
d:\game1\helloword\proj.win32\debug.win32\gamescene.obj
d:\game1\helloword\proj.win32\debug.win32\appdelegate.obj
d:\game1\helloword\proj.win32\debug.win32\main.obj
d:\game1\helloword\proj.win32\debug.win32\gamemenu.obj
d:\game1\helloword\proj.win32\debug.win32\prize.obj
d:\game1\helloword\proj.win32\debug.win32\obstacle.obj
d:\game1\helloword\proj.win32\debug.win32\gameover.obj
d:\game1\helloword\proj.win32\debug.win32\vc143.pdb
d:\game1\helloword\proj.win32\debug.win32\numberofplays.obj
d:\game1\helloword\proj.win32\debug.win32\carai.obj
d:\game1\helloword\proj.win32\debug.win32\vc143.idb
d:\game1\helloword\proj.win32\helloword.cab
d:\game1\helloword\proj.win32\debug.win32\helloword.lib
d:\game1\helloword\proj.win32\debug.win32\helloword.exp
d:\game1\helloword\proj.win32\debug.win32\helloword.exe
d:\game1\helloword\proj.win32\debug.win32\helloword.ilk
d:\game1\helloword\proj.win32\debug.win32\helloword.pdb
d:\game1\helloword\proj.win32\debug.win32\game.res
d:\game1\helloword\proj.win32\debug.win32\libcocos2d.exp
d:\game1\helloword\proj.win32\debug.win32\libspine.idb
d:\game1\helloword\proj.win32\debug.win32\libcocos2d.pdb
d:\game1\helloword\proj.win32\debug.win32\librecast.pdb
d:\game1\helloword\proj.win32\debug.win32\libspine.pdb
d:\game1\helloword\proj.win32\debug.win32\helloword.tlog\cl.command.1.tlog
d:\game1\helloword\proj.win32\debug.win32\helloword.tlog\cl.read.1.tlog
d:\game1\helloword\proj.win32\debug.win32\helloword.tlog\cl.write.1.tlog
d:\game1\helloword\proj.win32\debug.win32\helloword.tlog\custombuildstep.read.1u.tlog
d:\game1\helloword\proj.win32\debug.win32\helloword.tlog\custombuildstep.write.1u.tlog
d:\game1\helloword\proj.win32\debug.win32\helloword.tlog\helloword.write.1u.tlog
d:\game1\helloword\proj.win32\debug.win32\helloword.tlog\link.command.1.tlog
d:\game1\helloword\proj.win32\debug.win32\helloword.tlog\link.read.1.tlog
d:\game1\helloword\proj.win32\debug.win32\helloword.tlog\link.write.1.tlog
d:\game1\helloword\proj.win32\debug.win32\helloword.tlog\rc.command.1.tlog
d:\game1\helloword\proj.win32\debug.win32\helloword.tlog\rc.read.1.tlog
d:\game1\helloword\proj.win32\debug.win32\helloword.tlog\rc.write.1.tlog
